android/app/build/intermediates/manifest_merge_blame_file/debug/manifest-merger-blame-debug-report.txt
1<?xml version="1.0" encoding="utf-8"?>
2<manifest xmlns:android="http://schemas.android.com/apk/res/android"
3    package="com.socialapp"
4    android:versionCode="1"
5    android:versionName="1.0" >
6
7    <uses-sdk
8        android:minSdkVersion="21"
9        android:targetSdkVersion="28" />
10
11    <uses-permission android:name="android.permission.SYSTEM_ALERT_WINDOW" />
11-->src\debug\AndroidManifest.xml:5:5-77
11-->src\debug\AndroidManifest.xml:5:22-75
12    <uses-permission android:name="android.permission.INTERNET" />
12-->src\main\AndroidManifest.xml:4:5-67
12-->src\main\AndroidManifest.xml:4:22-64
13    <uses-permission android:name="android.permission.CAMERA" />
13-->src\main\AndroidManifest.xml:5:5-64
13-->src\main\AndroidManifest.xml:5:22-62
14
15    <uses-feature
15-->src\main\AndroidManifest.xml:6:5-85
16        android:name="android.hardware.camera"
16-->src\main\AndroidManifest.xml:6:19-57
17        android:required="false" />
17-->src\main\AndroidManifest.xml:6:58-82
18    <uses-feature
18-->src\main\AndroidManifest.xml:7:5-91
19        android:name="android.hardware.camera.front"
19-->src\main\AndroidManifest.xml:7:19-63
20        android:required="false" />
20-->src\main\AndroidManifest.xml:7:64-88
21
22    <uses-permission android:name="android.permission.ACCESS_WIFI_STATE" />
22-->[com.facebook.flipper:flipper:0.37.0] AndroidManifest.xml:16:5-76
22-->[com.facebook.flipper:flipper:0.37.0] AndroidManifest.xml:16:22-73
23    <uses-permission android:name="android.permission.WAKE_LOCK" />
23-->[:react-native-firebase_auth] AndroidManifest.xml:10:5-68
23-->[:react-native-firebase_auth] AndroidManifest.xml:10:22-65
24    <uses-permission android:name="android.permission.ACCESS_NETWORK_STATE" /> <!-- TODO(salakar) Not sure if this should be part of the package manifest or leave to users app manifest code? -->
24-->[:react-native-firebase_auth] AndroidManifest.xml:11:5-79
24-->[:react-native-firebase_auth] AndroidManifest.xml:11:22-76
25    <uses-permission android:name="android.permission.READ_EXTERNAL_STORAGE" />
25-->[:react-native-firebase_storage] AndroidManifest.xml:13:5-80
25-->[:react-native-firebase_storage] AndroidManifest.xml:13:22-77
26    <uses-permission android:name="android.permission.WRITE_EXTERNAL_STORAGE" />
26-->[:react-native-firebase_storage] AndroidManifest.xml:14:5-81
26-->[:react-native-firebase_storage] AndroidManifest.xml:14:22-78
27
28    <queries>
28-->[:react-native-image-crop-picker] AndroidManifest.xml:9:5-13:15
29        <intent>
29-->[:react-native-image-crop-picker] AndroidManifest.xml:10:9-12:18
30            <action android:name="android.media.action.IMAGE_CAPTURE" />
30-->[:react-native-image-crop-picker] AndroidManifest.xml:11:13-73
30-->[:react-native-image-crop-picker] AndroidManifest.xml:11:21-70
31        </intent>
32    </queries>
33
34    <uses-permission android:name="com.google.android.finsky.permission.BIND_GET_INSTALL_REFERRER_SERVICE" />
34-->[com.android.installreferrer:installreferrer:1.0] AndroidManifest.xml:9:5-110
34-->[com.android.installreferrer:installreferrer:1.0] AndroidManifest.xml:9:22-107
35
36    <application
36-->src\main\AndroidManifest.xml:9:5-29:19
37        android:name="com.socialapp.MainApplication"
37-->src\main\AndroidManifest.xml:10:7-38
38        android:allowBackup="false"
38-->src\main\AndroidManifest.xml:14:7-34
39        android:appComponentFactory="androidx.core.app.CoreComponentFactory"
39-->[androidx.core:core:1.1.0] AndroidManifest.xml:24:18-86
40        android:debuggable="true"
41        android:icon="@mipmap/ic_launcher"
41-->src\main\AndroidManifest.xml:12:7-41
42        android:label="@string/app_name"
42-->src\main\AndroidManifest.xml:11:7-39
43        android:roundIcon="@mipmap/ic_launcher_round"
43-->src\main\AndroidManifest.xml:13:7-52
44        android:supportsRtl="true"
44-->[com.facebook.android:facebook-android-sdk:8.2.0] AndroidManifest.xml:28:18-44
45        android:theme="@style/AppTheme"
45-->src\main\AndroidManifest.xml:15:7-38
46        android:usesCleartextTraffic="true" >
46-->src\debug\AndroidManifest.xml:7:18-53
47        <meta-data
47-->src\main\AndroidManifest.xml:16:7-105
48            android:name="com.facebook.sdk.ApplicationId"
48-->src\main\AndroidManifest.xml:16:18-63
49            android:value="@string/facebook_app_id" />
49-->src\main\AndroidManifest.xml:16:64-103
50
51        <activity
51-->src\main\AndroidManifest.xml:17:7-27:18
52            android:name="com.socialapp.MainActivity"
52-->src\main\AndroidManifest.xml:18:9-37
53            android:configChanges="keyboard|keyboardHidden|orientation|screenSize|uiMode"
53-->src\main\AndroidManifest.xml:20:9-86
54            android:label="@string/app_name"
54-->src\main\AndroidManifest.xml:19:9-41
55            android:launchMode="singleTask"
55-->src\main\AndroidManifest.xml:21:9-40
56            android:windowSoftInputMode="adjustResize" >
56-->src\main\AndroidManifest.xml:22:9-51
57            <intent-filter>
57-->src\main\AndroidManifest.xml:23:9-26:25
58                <action android:name="android.intent.action.MAIN" />
58-->src\main\AndroidManifest.xml:24:13-65
58-->src\main\AndroidManifest.xml:24:21-62
59
60                <category android:name="android.intent.category.LAUNCHER" />
60-->src\main\AndroidManifest.xml:25:13-73
60-->src\main\AndroidManifest.xml:25:23-70
61            </intent-filter>
62        </activity>
63        <activity android:name="com.facebook.react.devsupport.DevSettingsActivity" />
63-->src\main\AndroidManifest.xml:28:7-84
63-->src\main\AndroidManifest.xml:28:17-81
64
65        <provider
65-->[:react-native-image-crop-picker] AndroidManifest.xml:18:9-26:20
66            android:name="androidx.core.content.FileProvider"
66-->[:react-native-image-crop-picker] AndroidManifest.xml:19:13-62
67            android:authorities="com.socialapp.provider"
67-->[:react-native-image-crop-picker] AndroidManifest.xml:20:13-60
68            android:exported="false"
68-->[:react-native-image-crop-picker] AndroidManifest.xml:21:13-37
69            android:grantUriPermissions="true" >
69-->[:react-native-image-crop-picker] AndroidManifest.xml:22:13-47
70            <meta-data
70-->[:react-native-image-crop-picker] AndroidManifest.xml:23:13-25:58
71                android:name="android.support.FILE_PROVIDER_PATHS"
71-->[:react-native-image-crop-picker] AndroidManifest.xml:24:17-67
72                android:resource="@xml/provider_paths" />
72-->[:react-native-image-crop-picker] AndroidManifest.xml:25:17-55
73        </provider>
74
75        <activity
75-->[:react-native-image-crop-picker] AndroidManifest.xml:28:9-30:72
76            android:name="com.yalantis.ucrop.UCropActivity"
76-->[:react-native-image-crop-picker] AndroidManifest.xml:29:13-60
77            android:theme="@style/Theme.AppCompat.Light.NoActionBar" />
77-->[:react-native-image-crop-picker] AndroidManifest.xml:30:13-69
78        <activity
78-->[com.facebook.android:facebook-common:8.2.0] AndroidManifest.xml:30:9-33:66
79            android:name="com.facebook.FacebookActivity"
79-->[com.facebook.android:facebook-common:8.2.0] AndroidManifest.xml:31:13-57
80            android:configChanges="keyboard|keyboardHidden|screenLayout|screenSize|orientation"
80-->[com.facebook.android:facebook-common:8.2.0] AndroidManifest.xml:32:13-96
81            android:theme="@style/com_facebook_activity_theme" />
81-->[com.facebook.android:facebook-common:8.2.0] AndroidManifest.xml:33:13-63
82        <activity android:name="com.facebook.CustomTabMainActivity" />
82-->[com.facebook.android:facebook-common:8.2.0] AndroidManifest.xml:34:9-71
82-->[com.facebook.android:facebook-common:8.2.0] AndroidManifest.xml:34:19-68
83        <activity
83-->[com.facebook.android:facebook-common:8.2.0] AndroidManifest.xml:35:9-49:20
84            android:name="com.facebook.CustomTabActivity"
84-->[com.facebook.android:facebook-common:8.2.0] AndroidManifest.xml:36:13-58
85            android:exported="true" >
85-->[com.facebook.android:facebook-common:8.2.0] AndroidManifest.xml:37:13-36
86            <intent-filter>
86-->[com.facebook.android:facebook-common:8.2.0] AndroidManifest.xml:39:13-48:29
87                <action android:name="android.intent.action.VIEW" />
87-->[com.facebook.android:facebook-common:8.2.0] AndroidManifest.xml:40:17-69
87-->[com.facebook.android:facebook-common:8.2.0] AndroidManifest.xml:40:25-66
88
89                <category android:name="android.intent.category.DEFAULT" />
89-->[com.facebook.android:facebook-common:8.2.0] AndroidManifest.xml:42:17-76
89-->[com.facebook.android:facebook-common:8.2.0] AndroidManifest.xml:42:27-73
90                <category android:name="android.intent.category.BROWSABLE" />
90-->[com.facebook.android:facebook-common:8.2.0] AndroidManifest.xml:43:17-78
90-->[com.facebook.android:facebook-common:8.2.0] AndroidManifest.xml:43:27-75
91
92                <data
92-->[com.facebook.android:facebook-common:8.2.0] AndroidManifest.xml:45:17-47:50
93                    android:host="cct.com.socialapp"
93-->[com.facebook.android:facebook-common:8.2.0] AndroidManifest.xml:46:21-56
94                    android:scheme="fbconnect" />
94-->[com.facebook.android:facebook-common:8.2.0] AndroidManifest.xml:47:21-47
95            </intent-filter>
96        </activity>
97        <!--
98         The initialization ContentProvider will call FacebookSdk.sdkInitialize automatically
99         with the application context. This config is merged in with the host app's manifest,
100         but there can only be one provider with the same authority activated at any given
101         point; so if the end user has two or more different apps that use Facebook SDK, only the
102         first one will be able to use the provider. To work around this problem, we use the
103         following placeholder in the authority to identify each host application as if it was
104         a completely different provider.
105        -->
106        <provider
106-->[com.facebook.android:facebook-core:8.2.0] AndroidManifest.xml:39:9-42:40
107            android:name="com.facebook.internal.FacebookInitProvider"
107-->[com.facebook.android:facebook-core:8.2.0] AndroidManifest.xml:40:13-70
108            android:authorities="com.socialapp.FacebookInitProvider"
108-->[com.facebook.android:facebook-core:8.2.0] AndroidManifest.xml:41:13-72
109            android:exported="false" />
109-->[com.facebook.android:facebook-core:8.2.0] AndroidManifest.xml:42:13-37
110
111        <receiver
111-->[com.facebook.android:facebook-core:8.2.0] AndroidManifest.xml:44:9-50:20
112            android:name="com.facebook.CurrentAccessTokenExpirationBroadcastReceiver"
112-->[com.facebook.android:facebook-core:8.2.0] AndroidManifest.xml:45:13-86
113            android:exported="false" >
113-->[com.facebook.android:facebook-core:8.2.0] AndroidManifest.xml:46:13-37
114            <intent-filter>
114-->[com.facebook.android:facebook-core:8.2.0] AndroidManifest.xml:47:13-49:29
115                <action android:name="com.facebook.sdk.ACTION_CURRENT_ACCESS_TOKEN_CHANGED" />
115-->[com.facebook.android:facebook-core:8.2.0] AndroidManifest.xml:48:17-95
115-->[com.facebook.android:facebook-core:8.2.0] AndroidManifest.xml:48:25-92
116            </intent-filter>
117        </receiver>
118
119        <service
119-->[com.google.firebase:firebase-firestore:22.1.0] AndroidManifest.xml:17:9-23:19
120            android:name="com.google.firebase.components.ComponentDiscoveryService"
120-->[com.google.firebase:firebase-firestore:22.1.0] AndroidManifest.xml:18:13-84
121            android:directBootAware="true"
121-->[com.google.firebase:firebase-common:19.5.0] AndroidManifest.xml:35:13-43
122            android:exported="false" >
122-->[com.google.firebase:firebase-firestore:22.1.0] AndroidManifest.xml:19:13-37
123            <meta-data
123-->[com.google.firebase:firebase-firestore:22.1.0] AndroidManifest.xml:20:13-22:85
124                android:name="com.google.firebase.components:com.google.firebase.firestore.FirestoreRegistrar"
124-->[com.google.firebase:firebase-firestore:22.1.0] AndroidManifest.xml:21:17-111
125                android:value="com.google.firebase.components.ComponentRegistrar" />
125-->[com.google.firebase:firebase-firestore:22.1.0] AndroidManifest.xml:22:17-82
126            <meta-data
126-->[com.google.firebase:firebase-auth:20.0.2] AndroidManifest.xml:77:13-79:85
127                android:name="com.google.firebase.components:com.google.firebase.auth.FirebaseAuthRegistrar"
127-->[com.google.firebase:firebase-auth:20.0.2] AndroidManifest.xml:78:17-109
128                android:value="com.google.firebase.components.ComponentRegistrar" />
128-->[com.google.firebase:firebase-auth:20.0.2] AndroidManifest.xml:79:17-82
129            <meta-data
129-->[com.google.firebase:firebase-storage:19.2.1] AndroidManifest.xml:33:13-35:85
130                android:name="com.google.firebase.components:com.google.firebase.storage.StorageRegistrar"
130-->[com.google.firebase:firebase-storage:19.2.1] AndroidManifest.xml:34:17-107
131                android:value="com.google.firebase.components.ComponentRegistrar" />
131-->[com.google.firebase:firebase-storage:19.2.1] AndroidManifest.xml:35:17-82
132            <!--
133                This registrar is not defined in the dynamic-module-support sdk itself to allow non-firebase
134                clients to use it as well, by defining this registrar in their own core/common library.
135            -->
136            <meta-data
136-->[com.google.firebase:firebase-common:19.5.0] AndroidManifest.xml:43:13-45:85
137                android:name="com.google.firebase.components:com.google.firebase.dynamicloading.DynamicLoadingRegistrar"
137-->[com.google.firebase:firebase-common:19.5.0] AndroidManifest.xml:44:17-121
138                android:value="com.google.firebase.components.ComponentRegistrar" />
138-->[com.google.firebase:firebase-common:19.5.0] AndroidManifest.xml:45:17-82
139        </service>
140
141        <activity
141-->[com.google.android.gms:play-services-auth:19.0.0] AndroidManifest.xml:23:9-27:75
142            android:name="com.google.android.gms.auth.api.signin.internal.SignInHubActivity"
142-->[com.google.android.gms:play-services-auth:19.0.0] AndroidManifest.xml:24:13-93
143            android:excludeFromRecents="true"
143-->[com.google.android.gms:play-services-auth:19.0.0] AndroidManifest.xml:25:13-46
144            android:exported="false"
144-->[com.google.android.gms:play-services-auth:19.0.0] AndroidManifest.xml:26:13-37
145            android:theme="@android:style/Theme.Translucent.NoTitleBar" />
145-->[com.google.android.gms:play-services-auth:19.0.0] AndroidManifest.xml:27:13-72
146        <!--
147            Service handling Google Sign-In user revocation. For apps that do not integrate with
148            Google Sign-In, this service will never be started.
149        -->
150        <service
150-->[com.google.android.gms:play-services-auth:19.0.0] AndroidManifest.xml:33:9-37:51
151            android:name="com.google.android.gms.auth.api.signin.RevocationBoundService"
151-->[com.google.android.gms:play-services-auth:19.0.0] AndroidManifest.xml:34:13-89
152            android:exported="true"
152-->[com.google.android.gms:play-services-auth:19.0.0] AndroidManifest.xml:35:13-36
153            android:permission="com.google.android.gms.auth.api.signin.permission.REVOCATION_NOTIFICATION"
153-->[com.google.android.gms:play-services-auth:19.0.0] AndroidManifest.xml:36:13-107
154            android:visibleToInstantApps="true" />
154-->[com.google.android.gms:play-services-auth:19.0.0] AndroidManifest.xml:37:13-48
155
156        <activity
156-->[com.google.firebase:firebase-auth:20.0.2] AndroidManifest.xml:27:9-44:20
157            android:name="com.google.firebase.auth.internal.GenericIdpActivity"
157-->[com.google.firebase:firebase-auth:20.0.2] AndroidManifest.xml:28:13-80
158            android:excludeFromRecents="true"
158-->[com.google.firebase:firebase-auth:20.0.2] AndroidManifest.xml:29:13-46
159            android:exported="true"
159-->[com.google.firebase:firebase-auth:20.0.2] AndroidManifest.xml:30:13-36
160            android:launchMode="singleTask"
160-->[com.google.firebase:firebase-auth:20.0.2] AndroidManifest.xml:31:13-44
161            android:theme="@android:style/Theme.Translucent.NoTitleBar" >
161-->[com.google.firebase:firebase-auth:20.0.2] AndroidManifest.xml:32:13-72
162            <intent-filter>
162-->[com.google.firebase:firebase-auth:20.0.2] AndroidManifest.xml:33:13-43:29
163                <action android:name="android.intent.action.VIEW" />
163-->[com.facebook.android:facebook-common:8.2.0] AndroidManifest.xml:40:17-69
163-->[com.facebook.android:facebook-common:8.2.0] AndroidManifest.xml:40:25-66
164
165                <category android:name="android.intent.category.DEFAULT" />
165-->[com.facebook.android:facebook-common:8.2.0] AndroidManifest.xml:42:17-76
165-->[com.facebook.android:facebook-common:8.2.0] AndroidManifest.xml:42:27-73
166                <category android:name="android.intent.category.BROWSABLE" />
166-->[com.facebook.android:facebook-common:8.2.0] AndroidManifest.xml:43:17-78
166-->[com.facebook.android:facebook-common:8.2.0] AndroidManifest.xml:43:27-75
167
168                <data
168-->[com.facebook.android:facebook-common:8.2.0] AndroidManifest.xml:45:17-47:50
169                    android:host="firebase.auth"
169-->[com.facebook.android:facebook-common:8.2.0] AndroidManifest.xml:46:21-56
170                    android:path="/"
171                    android:scheme="genericidp" />
171-->[com.facebook.android:facebook-common:8.2.0] AndroidManifest.xml:47:21-47
172            </intent-filter>
173        </activity>
174        <activity
174-->[com.google.firebase:firebase-auth:20.0.2] AndroidManifest.xml:45:9-62:20
175            android:name="com.google.firebase.auth.internal.RecaptchaActivity"
175-->[com.google.firebase:firebase-auth:20.0.2] AndroidManifest.xml:46:13-79
176            android:excludeFromRecents="true"
176-->[com.google.firebase:firebase-auth:20.0.2] AndroidManifest.xml:47:13-46
177            android:exported="true"
177-->[com.google.firebase:firebase-auth:20.0.2] AndroidManifest.xml:48:13-36
178            android:launchMode="singleTask"
178-->[com.google.firebase:firebase-auth:20.0.2] AndroidManifest.xml:49:13-44
179            android:theme="@android:style/Theme.Translucent.NoTitleBar" >
179-->[com.google.firebase:firebase-auth:20.0.2] AndroidManifest.xml:50:13-72
180            <intent-filter>
180-->[com.google.firebase:firebase-auth:20.0.2] AndroidManifest.xml:51:13-61:29
181                <action android:name="android.intent.action.VIEW" />
181-->[com.facebook.android:facebook-common:8.2.0] AndroidManifest.xml:40:17-69
181-->[com.facebook.android:facebook-common:8.2.0] AndroidManifest.xml:40:25-66
182
183                <category android:name="android.intent.category.DEFAULT" />
183-->[com.facebook.android:facebook-common:8.2.0] AndroidManifest.xml:42:17-76
183-->[com.facebook.android:facebook-common:8.2.0] AndroidManifest.xml:42:27-73
184                <category android:name="android.intent.category.BROWSABLE" />
184-->[com.facebook.android:facebook-common:8.2.0] AndroidManifest.xml:43:17-78
184-->[com.facebook.android:facebook-common:8.2.0] AndroidManifest.xml:43:27-75
185
186                <data
186-->[com.facebook.android:facebook-common:8.2.0] AndroidManifest.xml:45:17-47:50
187                    android:host="firebase.auth"
187-->[com.facebook.android:facebook-common:8.2.0] AndroidManifest.xml:46:21-56
188                    android:path="/"
189                    android:scheme="recaptcha" />
189-->[com.facebook.android:facebook-common:8.2.0] AndroidManifest.xml:47:21-47
190            </intent-filter>
191        </activity>
192
193        <service
193-->[com.google.firebase:firebase-auth:20.0.2] AndroidManifest.xml:64:9-73:19
194            android:name="com.google.firebase.auth.api.fallback.service.FirebaseAuthFallbackService"
194-->[com.google.firebase:firebase-auth:20.0.2] AndroidManifest.xml:65:13-101
195            android:enabled="true"
195-->[com.google.firebase:firebase-auth:20.0.2] AndroidManifest.xml:66:13-35
196            android:exported="false" >
196-->[com.google.firebase:firebase-auth:20.0.2] AndroidManifest.xml:67:13-37
197            <intent-filter>
197-->[com.google.firebase:firebase-auth:20.0.2] AndroidManifest.xml:68:13-72:29
198                <action android:name="com.google.firebase.auth.api.gms.service.START" />
198-->[com.google.firebase:firebase-auth:20.0.2] AndroidManifest.xml:69:17-89
198-->[com.google.firebase:firebase-auth:20.0.2] AndroidManifest.xml:69:25-86
199
200                <category android:name="android.intent.category.DEFAULT" />
200-->[com.facebook.android:facebook-common:8.2.0] AndroidManifest.xml:42:17-76
200-->[com.facebook.android:facebook-common:8.2.0] AndroidManifest.xml:42:27-73
201            </intent-filter>
202        </service>
203
204        <activity
204-->[com.google.android.gms:play-services-base:17.1.0] AndroidManifest.xml:23:9-26:75
205            android:name="com.google.android.gms.common.api.GoogleApiActivity"
205-->[com.google.android.gms:play-services-base:17.1.0] AndroidManifest.xml:24:13-79
206            android:exported="false"
206-->[com.google.android.gms:play-services-base:17.1.0] AndroidManifest.xml:25:13-37
207            android:theme="@android:style/Theme.Translucent.NoTitleBar" />
207-->[com.google.android.gms:play-services-base:17.1.0] AndroidManifest.xml:26:13-72
208
209        <provider
209-->[com.google.firebase:firebase-common:19.5.0] AndroidManifest.xml:26:9-31:39
210            android:name="com.google.firebase.provider.FirebaseInitProvider"
210-->[com.google.firebase:firebase-common:19.5.0] AndroidManifest.xml:27:13-77
211            android:authorities="com.socialapp.firebaseinitprovider"
211-->[com.google.firebase:firebase-common:19.5.0] AndroidManifest.xml:28:13-72
212            android:directBootAware="true"
212-->[com.google.firebase:firebase-common:19.5.0] AndroidManifest.xml:29:13-43
213            android:exported="false"
213-->[com.google.firebase:firebase-common:19.5.0] AndroidManifest.xml:30:13-37
214            android:initOrder="100" />
214-->[com.google.firebase:firebase-common:19.5.0] AndroidManifest.xml:31:13-36
215
216        <meta-data
216-->[com.google.android.gms:play-services-basement:17.1.1] AndroidManifest.xml:23:9-25:69
217            android:name="com.google.android.gms.version"
217-->[com.google.android.gms:play-services-basement:17.1.1] AndroidManifest.xml:24:13-58
218            android:value="@integer/google_play_services_version" />
218-->[com.google.android.gms:play-services-basement:17.1.1] AndroidManifest.xml:25:13-66
219    </application>
220
221</manifest>